<?xml version="1.0" encoding="UTF-8" ?>
<testsuite failures="0" time="0.334" errors="0" skipped="0" tests="9" name="com.as.cert.domain.CourseIntegrationTest">
  <properties>
[...]
</properties>
  <testcase time="0.069" classname="com.as.cert.domain.CourseIntegrationTest" name="testFlush"/>
  <testcase time="0.029" classname="com.as.cert.domain.CourseIntegrationTest" name="testFindCourse"/>
  <testcase time="0.03" classname="com.as.cert.domain.CourseIntegrationTest" name="testPersist"/>
  <testcase time="0.003" classname="com.as.cert.domain.CourseIntegrationTest" name="testMarkerMethod"/>
  <testcase time="0.03" classname="com.as.cert.domain.CourseIntegrationTest" name="testCountCourses"/>
  <testcase time="0.034" classname="com.as.cert.domain.CourseIntegrationTest" name="testMergeUpdate"/>
  <testcase time="0.078" classname="com.as.cert.domain.CourseIntegrationTest" name="testFindAllCourses"/>
  <testcase time="0.032" classname="com.as.cert.domain.CourseIntegrationTest" name="testFindCourseEntries"/>
  <testcase time="0.029" classname="com.as.cert.domain.CourseIntegrationTest" name="testRemove"/>
</testsuite>